Arguments: 
  /usr/local/bin/node /Users/code/.yarn/bin/yarn.js build

PATH: 
  /Users/code/.yarn/bin:/Users/code/.config/yarn/global/node_modules/.bin:/usr/local/bin:/usr/bin:/bin:/usr/sbin:/sbin

Yarn version: 
  1.5.1

Node version: 
  9.7.1

Platform: 
  darwin x64

npm manifest: 
  {
    "name": "dev",
    "version": "1.0.0",
    "description": "",
    "main": "index.js",
    "scripts": {
      "test": "echo \"Error: no test specified\" && exit 1"
    },
    "author": "",
    "license": "ISC"
  }

yarn manifest: 
  No manifest

Lockfile: 
  No lockfile

Trace: 
  Error: Command "build" not found.
      at new MessageError (/Users/code/.yarn/lib/cli.js:186:110)
      at /Users/code/.yarn/lib/cli.js:87307:17
      at Generator.next (<anonymous>)
      at step (/Users/code/.yarn/lib/cli.js:98:30)
      at /Users/code/.yarn/lib/cli.js:116:14
      at new Promise (<anonymous>)
      at new F (/Users/code/.yarn/lib/cli.js:23451:28)
      at /Users/code/.yarn/lib/cli.js:95:12
      at runCommand (/Users/code/.yarn/lib/cli.js:87312:22)
      at Object.<anonymous> (/Users/code/.yarn/lib/cli.js:87412:14)
